<?xml version="1.0" encoding="UTF-8"?>
<!-- Generated by org.testng.reporters.JUnitReportReporter -->
<testsuite hostname="LAPTOP-J8T40PT1" failures="0" tests="1" name="test.SetUp" time="10.153" errors="0" timestamp="2023-09-22T10:28:47 IST" skipped="0">
  <testcase classname="test.SetUp" name="launcher" time="10.153"/>
</testsuite> <!-- test.SetUp -->
